<?xml version="1.0" encoding="UTF-8"?>
<testsuite xmlns:xsi="http://www.w3.org/2001/XMLSchema-instance" xsi:noNamespaceSchemaLocation="https://maven.apache.org/surefire/maven-surefire-plugin/xsd/surefire-test-report.xsd" name="com.itvdn.RabTest" time="0.092" tests="10" errors="0" skipped="0" failures="0">
  <properties>
[...]
</properties>
  <testcase name="proverka" classname="com.itvdn.RabTest" time="0.04"/>
  <testcase name="proverka2" classname="com.itvdn.RabTest" time="0.001"/>
  <testcase name="proverka3" classname="com.itvdn.RabTest" time="0.001"/>
  <testcase name="proverka4" classname="com.itvdn.RabTest" time="0.003"/>
  <testcase name="proverka5" classname="com.itvdn.RabTest" time="0.001"/>
  <testcase name="proverka6" classname="com.itvdn.RabTest" time="0.009"/>
  <testcase name="proverka7" classname="com.itvdn.RabTest" time="0.005"/>
  <testcase name="proverka8" classname="com.itvdn.RabTest" time="0"/>
  <testcase name="proverka9" classname="com.itvdn.RabTest" time="0.006"/>
  <testcase name="proverka10" classname="com.itvdn.RabTest" time="0.008"/>
</testsuite>